<?xml version="1.0" encoding="UTF-8"?>
<!-- Generated by org.testng.reporters.JUnitReportReporter -->
<testsuite hostname="EC2AMAZ-EHR6SVV" failures="0" tests="7" name="com.spree.test.Countries" time="5.974" errors="0" timestamp="2024-12-26T12:14:43 IST" skipped="0">
  <testcase classname="com.spree.test.Countries" name="T01_getDefaultCountries" time="2.408"/>
  <system-out/>
  <testcase classname="com.spree.test.Countries" name="T02_retrieveaCountry" time="0.439"/>
  <system-out/>
  <testcase classname="com.spree.test.Countries" name="T02_retrieveaCountry" time="0.436"/>
  <system-out/>
  <testcase classname="com.spree.test.Countries" name="T02_retrieveaCountry" time="0.463"/>
  <system-out/>
  <testcase classname="com.spree.test.Countries" name="T02_retrieveaCountry" time="0.478"/>
  <system-out/>
  <testcase classname="com.spree.test.Countries" name="T02_retrieveaCountry" time="0.477"/>
  <system-out/>
  <testcase classname="com.spree.test.Countries" name="T03_listallCountries" time="1.273"/>
  <system-out/>
</testsuite> <!-- com.spree.test.Countries -->
